[2020-01-26 03:53:14] local.ERROR: View [home] not found. {"exception":"[object] (InvalidArgumentException(code: 0): View [home] not found. at /home/whgnsrl/바탕화면/라라벨/myapp/vendor/laravel/framework/src/Illuminate/View/FileViewFinder.php:137)
[stacktrace]
#0 /home/whgnsrl/바탕화면/라라벨/myapp/vendor/laravel/framework/src/Illuminate/View/FileViewFinder.php(79): Illuminate\\View\\FileViewFinder->findInPaths()
#1 /home/whgnsrl/바탕화면/라라벨/myapp/vendor/laravel/framework/src/Illuminate/View/Factory.php(131): Illuminate\\View\\FileViewFinder->find()
#2 /home/whgnsrl/바탕화면/라라벨/myapp/vendor/laravel/framework/src/Illuminate/Foundation/helpers.php(975): Illuminate\\View\\Factory->make()
#3 /home/whgnsrl/바탕화면/라라벨/myapp/app/Http/Controllers/HomeController.php(28): view()
#4 [internal function]: App\\Http\\Controllers\\HomeController->index()
#5 /home/whgnsrl/바탕화면/라라벨/myapp/vendor/laravel/framework/src/Illuminate/Routing/Controller.php(54): call_user_func_array()
#6 /home/whgnsrl/바탕화면/라라벨/myapp/vendor/laravel/framework/src/Illuminate/Routing/ControllerDispatcher.php(45): Illuminate\\Routing\\Controller->callAction()
#7 /home/whgnsrl/바탕화면/라라벨/myapp/vendor/laravel/framework/src/Illuminate/Routing/Route.php(219): Illuminate\\Routing\\ControllerDispatcher->dispatch()
#8 /home/whgnsrl/바탕화면/라라벨/myapp/vendor/laravel/framework/src/Illuminate/Routing/Route.php(176): Illuminate\\Routing\\Route->runController()
#9 /home/whgnsrl/바탕화면/라라벨/myapp/vendor/laravel/framework/src/Illuminate/Routing/Router.php(681): Illuminate\\Routing\\Route->run()
#10 /home/whgnsrl/바탕화면/라라벨/myapp/vendor/laravel/framework/src/Illuminate/Pipeline/Pipeline.php(130): Illuminate\\Routing\\Router->Illuminate\\Routing\\{closure}()
#11 /home/whgnsrl/바탕화면/라라벨/myapp/vendor/laravel/framework/src/Illuminate/Routing/Middleware/SubstituteBindings.php(41): Illuminate\\Pipeline\\Pipeline->Illuminate\\Pipeline\\{closure}()
#12 /home/whgnsrl/바탕화면/라라벨/myapp/vendor/laravel/framework/src/Illuminate/Pipeline/Pipeline.php(171): Illuminate\\Routing\\Middleware\\SubstituteBindings->handle()
#13 /home/whgnsrl/바탕화면/라라벨/myapp/vendor/laravel/framework/src/Illuminate/Foundation/Http/Middleware/VerifyCsrfToken.php(76): Illuminate\\Pipeline\\Pipeline->Illuminate\\Pipeline\\{closure}()
#14 /home/whgnsrl/바탕화면/라라벨/myapp/vendor/laravel/framework/src/Illuminate/Pipeline/Pipeline.php(171): Illuminate\\Foundation\\Http\\Middleware\\VerifyCsrfToken->handle()
#15 /home/whgnsrl/바탕화면/라라벨/myapp/vendor/laravel/framework/src/Illuminate/View/Middleware/ShareErrorsFromSession.php(49): Illuminate\\Pipeline\\Pipeline->Illuminate\\Pipeline\\{closure}()
#16 /home/whgnsrl/바탕화면/라라벨/myapp/vendor/laravel/framework/src/Illuminate/Pipeline/Pipeline.php(171): Illuminate\\View\\Middleware\\ShareErrorsFromSession->handle()
#17 /home/whgnsrl/바탕화면/라라벨/myapp/vendor/laravel/framework/src/Illuminate/Session/Middleware/StartSession.php(56): Illuminate\\Pipeline\\Pipeline->Illuminate\\Pipeline\\{closure}()
#18 /home/whgnsrl/바탕화면/라라벨/myapp/vendor/laravel/framework/src/Illuminate/Pipeline/Pipeline.php(171): Illuminate\\Session\\Middleware\\StartSession->handle()
#19 /home/whgnsrl/바탕화면/라라벨/myapp/vendor/laravel/framework/src/Illuminate/Cookie/Middleware/AddQueuedCookiesToResponse.php(37): Illuminate\\Pipeline\\Pipeline->Illuminate\\Pipeline\\{closure}()
#20 /home/whgnsrl/바탕화면/라라벨/myapp/vendor/laravel/framework/src/Illuminate/Pipeline/Pipeline.php(171): Illuminate\\Cookie\\Middleware\\AddQueuedCookiesToResponse->handle()
#21 /home/whgnsrl/바탕화면/라라벨/myapp/vendor/laravel/framework/src/Illuminate/Cookie/Middleware/EncryptCookies.php(66): Illuminate\\Pipeline\\Pipeline->Illuminate\\Pipeline\\{closure}()
#22 /home/whgnsrl/바탕화면/라라벨/myapp/vendor/laravel/framework/src/Illuminate/Pipeline/Pipeline.php(171): Illuminate\\Cookie\\Middleware\\EncryptCookies->handle()
#23 /home/whgnsrl/바탕화면/라라벨/myapp/vendor/laravel/framework/src/Illuminate/Pipeline/Pipeline.php(105): Illuminate\\Pipeline\\Pipeline->Illuminate\\Pipeline\\{closure}()
#24 /home/whgnsrl/바탕화면/라라벨/myapp/vendor/laravel/framework/src/Illuminate/Routing/Router.php(683): Illuminate\\Pipeline\\Pipeline->then()
#25 /home/whgnsrl/바탕화면/라라벨/myapp/vendor/laravel/framework/src/Illuminate/Routing/Router.php(658): Illuminate\\Routing\\Router->runRouteWithinStack()
#26 /home/whgnsrl/바탕화면/라라벨/myapp/vendor/laravel/framework/src/Illuminate/Routing/Router.php(624): Illuminate\\Routing\\Router->runRoute()
#27 /home/whgnsrl/바탕화면/라라벨/myapp/vendor/laravel/framework/src/Illuminate/Routing/Router.php(613): Illuminate\\Routing\\Router->dispatchToRoute()
#28 /home/whgnsrl/바탕화면/라라벨/myapp/vendor/laravel/framework/src/Illuminate/Foundation/Http/Kernel.php(177): Illuminate\\Routing\\Router->dispatch()
#29 /home/whgnsrl/바탕화면/라라벨/myapp/vendor/laravel/framework/src/Illuminate/Pipeline/Pipeline.php(130): Illuminate\\Foundation\\Http\\Kernel->Illuminate\\Foundation\\Http\\{closure}()
#30 /home/whgnsrl/바탕화면/라라벨/myapp/vendor/barryvdh/laravel-debugbar/src/Middleware/InjectDebugbar.php(65): Illuminate\\Pipeline\\Pipeline->Illuminate\\Pipeline\\{closure}()
#31 /home/whgnsrl/바탕화면/라라벨/myapp/vendor/laravel/framework/src/Illuminate/Pipeline/Pipeline.php(171): Barryvdh\\Debugbar\\Middleware\\InjectDebugbar->handle()
#32 /home/whgnsrl/바탕화면/라라벨/myapp/vendor/laravel/framework/src/Illuminate/Foundation/Http/Middleware/TransformsRequest.php(21): Illuminate\\Pipeline\\Pipeline->Illuminate\\Pipeline\\{closure}()
#33 /home/whgnsrl/바탕화면/라라벨/myapp/vendor/laravel/framework/src/Illuminate/Pipeline/Pipeline.php(171): Illuminate\\Foundation\\Http\\Middleware\\TransformsRequest->handle()
#34 /home/whgnsrl/바탕화면/라라벨/myapp/vendor/laravel/framework/src/Illuminate/Foundation/Http/Middleware/TransformsRequest.php(21): Illuminate\\Pipeline\\Pipeline->Illuminate\\Pipeline\\{closure}()
#35 /home/whgnsrl/바탕화면/라라벨/myapp/vendor/laravel/framework/src/Illuminate/Pipeline/Pipeline.php(171): Illuminate\\Foundation\\Http\\Middleware\\TransformsRequest->handle()
#36 /home/whgnsrl/바탕화면/라라벨/myapp/vendor/laravel/framework/src/Illuminate/Foundation/Http/Middleware/ValidatePostSize.php(27): Illuminate\\Pipeline\\Pipeline->Illuminate\\Pipeline\\{closure}()
#37 /home/whgnsrl/바탕화면/라라벨/myapp/vendor/laravel/framework/src/Illuminate/Pipeline/Pipeline.php(171): Illuminate\\Foundation\\Http\\Middleware\\ValidatePostSize->handle()
#38 /home/whgnsrl/바탕화면/라라벨/myapp/vendor/laravel/framework/src/Illuminate/Foundation/Http/Middleware/CheckForMaintenanceMode.php(62): Illuminate\\Pipeline\\Pipeline->Illuminate\\Pipeline\\{closure}()
#39 /home/whgnsrl/바탕화면/라라벨/myapp/vendor/laravel/framework/src/Illuminate/Pipeline/Pipeline.php(171): Illuminate\\Foundation\\Http\\Middleware\\CheckForMaintenanceMode->handle()
#40 /home/whgnsrl/바탕화면/라라벨/myapp/vendor/fideloper/proxy/src/TrustProxies.php(57): Illuminate\\Pipeline\\Pipeline->Illuminate\\Pipeline\\{closure}()
#41 /home/whgnsrl/바탕화면/라라벨/myapp/vendor/laravel/framework/src/Illuminate/Pipeline/Pipeline.php(171): Fideloper\\Proxy\\TrustProxies->handle()
#42 /home/whgnsrl/바탕화면/라라벨/myapp/vendor/laravel/framework/src/Illuminate/Pipeline/Pipeline.php(105): Illuminate\\Pipeline\\Pipeline->Illuminate\\Pipeline\\{closure}()
#43 /home/whgnsrl/바탕화면/라라벨/myapp/vendor/laravel/framework/src/Illuminate/Foundation/Http/Kernel.php(152): Illuminate\\Pipeline\\Pipeline->then()
#44 /home/whgnsrl/바탕화면/라라벨/myapp/vendor/laravel/framework/src/Illuminate/Foundation/Http/Kernel.php(117): Illuminate\\Foundation\\Http\\Kernel->sendRequestThroughRouter()
#45 /home/whgnsrl/바탕화면/라라벨/myapp/public/index.php(55): Illuminate\\Foundation\\Http\\Kernel->handle()
#46 /home/whgnsrl/바탕화면/라라벨/myapp/server.php(21): require_once('/home/whgnsrl/\\xEB...')
#47 {main}
"} 
[2020-01-26 03:53:14] local.ERROR: file_put_contents(C:\Users\조훈기\Desktop\라라벨\myapp\storage\framework/sessions/61WM1BEGe8pq2oj8bqMgOKF0G2kp32MjaXmKmPg3): failed to open stream: No such file or directory {"exception":"[object] (ErrorException(code: 0): file_put_contents(C:\\Users\\조훈기\\Desktop\\라라벨\\myapp\\storage\\framework/sessions/61WM1BEGe8pq2oj8bqMgOKF0G2kp32MjaXmKmPg3): failed to open stream: No such file or directory at /home/whgnsrl/바탕화면/라라벨/myapp/vendor/laravel/framework/src/Illuminate/Filesystem/Filesystem.php:133)
[stacktrace]
#0 [internal function]: Illuminate\\Foundation\\Bootstrap\\HandleExceptions->handleError()
#1 /home/whgnsrl/바탕화면/라라벨/myapp/vendor/laravel/framework/src/Illuminate/Filesystem/Filesystem.php(133): file_put_contents()
#2 /home/whgnsrl/바탕화면/라라벨/myapp/vendor/laravel/framework/src/Illuminate/Session/FileSessionHandler.php(83): Illuminate\\Filesystem\\Filesystem->put()
#3 /home/whgnsrl/바탕화면/라라벨/myapp/vendor/laravel/framework/src/Illuminate/Session/Store.php(129): Illuminate\\Session\\FileSessionHandler->write()
#4 /home/whgnsrl/바탕화면/라라벨/myapp/vendor/laravel/framework/src/Illuminate/Session/Middleware/StartSession.php(170): Illuminate\\Session\\Store->save()
#5 /home/whgnsrl/바탕화면/라라벨/myapp/vendor/laravel/framework/src/Illuminate/Session/Middleware/StartSession.php(65): Illuminate\\Session\\Middleware\\StartSession->saveSession()
#6 /home/whgnsrl/바탕화면/라라벨/myapp/vendor/laravel/framework/src/Illuminate/Pipeline/Pipeline.php(171): Illuminate\\Session\\Middleware\\StartSession->handle()
#7 /home/whgnsrl/바탕화면/라라벨/myapp/vendor/laravel/framework/src/Illuminate/Cookie/Middleware/AddQueuedCookiesToResponse.php(37): Illuminate\\Pipeline\\Pipeline->Illuminate\\Pipeline\\{closure}()
#8 /home/whgnsrl/바탕화면/라라벨/myapp/vendor/laravel/framework/src/Illuminate/Pipeline/Pipeline.php(171): Illuminate\\Cookie\\Middleware\\AddQueuedCookiesToResponse->handle()
#9 /home/whgnsrl/바탕화면/라라벨/myapp/vendor/laravel/framework/src/Illuminate/Cookie/Middleware/EncryptCookies.php(66): Illuminate\\Pipeline\\Pipeline->Illuminate\\Pipeline\\{closure}()
#10 /home/whgnsrl/바탕화면/라라벨/myapp/vendor/laravel/framework/src/Illuminate/Pipeline/Pipeline.php(171): Illuminate\\Cookie\\Middleware\\EncryptCookies->handle()
#11 /home/whgnsrl/바탕화면/라라벨/myapp/vendor/laravel/framework/src/Illuminate/Pipeline/Pipeline.php(105): Illuminate\\Pipeline\\Pipeline->Illuminate\\Pipeline\\{closure}()
#12 /home/whgnsrl/바탕화면/라라벨/myapp/vendor/laravel/framework/src/Illuminate/Routing/Router.php(683): Illuminate\\Pipeline\\Pipeline->then()
#13 /home/whgnsrl/바탕화면/라라벨/myapp/vendor/laravel/framework/src/Illuminate/Routing/Router.php(658): Illuminate\\Routing\\Router->runRouteWithinStack()
#14 /home/whgnsrl/바탕화면/라라벨/myapp/vendor/laravel/framework/src/Illuminate/Routing/Router.php(624): Illuminate\\Routing\\Router->runRoute()
#15 /home/whgnsrl/바탕화면/라라벨/myapp/vendor/laravel/framework/src/Illuminate/Routing/Router.php(613): Illuminate\\Routing\\Router->dispatchToRoute()
#16 /home/whgnsrl/바탕화면/라라벨/myapp/vendor/laravel/framework/src/Illuminate/Foundation/Http/Kernel.php(177): Illuminate\\Routing\\Router->dispatch()
#17 /home/whgnsrl/바탕화면/라라벨/myapp/vendor/laravel/framework/src/Illuminate/Pipeline/Pipeline.php(130): Illuminate\\Foundation\\Http\\Kernel->Illuminate\\Foundation\\Http\\{closure}()
#18 /home/whgnsrl/바탕화면/라라벨/myapp/vendor/barryvdh/laravel-debugbar/src/Middleware/InjectDebugbar.php(65): Illuminate\\Pipeline\\Pipeline->Illuminate\\Pipeline\\{closure}()
#19 /home/whgnsrl/바탕화면/라라벨/myapp/vendor/laravel/framework/src/Illuminate/Pipeline/Pipeline.php(171): Barryvdh\\Debugbar\\Middleware\\InjectDebugbar->handle()
#20 /home/whgnsrl/바탕화면/라라벨/myapp/vendor/laravel/framework/src/Illuminate/Foundation/Http/Middleware/TransformsRequest.php(21): Illuminate\\Pipeline\\Pipeline->Illuminate\\Pipeline\\{closure}()
#21 /home/whgnsrl/바탕화면/라라벨/myapp/vendor/laravel/framework/src/Illuminate/Pipeline/Pipeline.php(171): Illuminate\\Foundation\\Http\\Middleware\\TransformsRequest->handle()
#22 /home/whgnsrl/바탕화면/라라벨/myapp/vendor/laravel/framework/src/Illuminate/Foundation/Http/Middleware/TransformsRequest.php(21): Illuminate\\Pipeline\\Pipeline->Illuminate\\Pipeline\\{closure}()
#23 /home/whgnsrl/바탕화면/라라벨/myapp/vendor/laravel/framework/src/Illuminate/Pipeline/Pipeline.php(171): Illuminate\\Foundation\\Http\\Middleware\\TransformsRequest->handle()
#24 /home/whgnsrl/바탕화면/라라벨/myapp/vendor/laravel/framework/src/Illuminate/Foundation/Http/Middleware/ValidatePostSize.php(27): Illuminate\\Pipeline\\Pipeline->Illuminate\\Pipeline\\{closure}()
#25 /home/whgnsrl/바탕화면/라라벨/myapp/vendor/laravel/framework/src/Illuminate/Pipeline/Pipeline.php(171): Illuminate\\Foundation\\Http\\Middleware\\ValidatePostSize->handle()
#26 /home/whgnsrl/바탕화면/라라벨/myapp/vendor/laravel/framework/src/Illuminate/Foundation/Http/Middleware/CheckForMaintenanceMode.php(62): Illuminate\\Pipeline\\Pipeline->Illuminate\\Pipeline\\{closure}()
#27 /home/whgnsrl/바탕화면/라라벨/myapp/vendor/laravel/framework/src/Illuminate/Pipeline/Pipeline.php(171): Illuminate\\Foundation\\Http\\Middleware\\CheckForMaintenanceMode->handle()
#28 /home/whgnsrl/바탕화면/라라벨/myapp/vendor/fideloper/proxy/src/TrustProxies.php(57): Illuminate\\Pipeline\\Pipeline->Illuminate\\Pipeline\\{closure}()
#29 /home/whgnsrl/바탕화면/라라벨/myapp/vendor/laravel/framework/src/Illuminate/Pipeline/Pipeline.php(171): Fideloper\\Proxy\\TrustProxies->handle()
#30 /home/whgnsrl/바탕화면/라라벨/myapp/vendor/laravel/framework/src/Illuminate/Pipeline/Pipeline.php(105): Illuminate\\Pipeline\\Pipeline->Illuminate\\Pipeline\\{closure}()
#31 /home/whgnsrl/바탕화면/라라벨/myapp/vendor/laravel/framework/src/Illuminate/Foundation/Http/Kernel.php(152): Illuminate\\Pipeline\\Pipeline->then()
#32 /home/whgnsrl/바탕화면/라라벨/myapp/vendor/laravel/framework/src/Illuminate/Foundation/Http/Kernel.php(117): Illuminate\\Foundation\\Http\\Kernel->sendRequestThroughRouter()
#33 /home/whgnsrl/바탕화면/라라벨/myapp/public/index.php(55): Illuminate\\Foundation\\Http\\Kernel->handle()
#34 /home/whgnsrl/바탕화면/라라벨/myapp/server.php(21): require_once('/home/whgnsrl/\\xEB...')
#35 {main}
"} 
[2020-01-26 06:08:57] local.ERROR: View [home] not found. {"exception":"[object] (InvalidArgumentException(code: 0): View [home] not found. at /home/whgnsrl/바탕화면/라라벨/myapp/vendor/laravel/framework/src/Illuminate/View/FileViewFinder.php:137)
[stacktrace]
#0 /home/whgnsrl/바탕화면/라라벨/myapp/vendor/laravel/framework/src/Illuminate/View/FileViewFinder.php(79): Illuminate\\View\\FileViewFinder->findInPaths()
#1 /home/whgnsrl/바탕화면/라라벨/myapp/vendor/laravel/framework/src/Illuminate/View/Factory.php(131): Illuminate\\View\\FileViewFinder->find()
#2 /home/whgnsrl/바탕화면/라라벨/myapp/vendor/laravel/framework/src/Illuminate/Foundation/helpers.php(975): Illuminate\\View\\Factory->make()
#3 /home/whgnsrl/바탕화면/라라벨/myapp/app/Http/Controllers/HomeController.php(28): view()
#4 [internal function]: App\\Http\\Controllers\\HomeController->index()
#5 /home/whgnsrl/바탕화면/라라벨/myapp/vendor/laravel/framework/src/Illuminate/Routing/Controller.php(54): call_user_func_array()
#6 /home/whgnsrl/바탕화면/라라벨/myapp/vendor/laravel/framework/src/Illuminate/Routing/ControllerDispatcher.php(45): Illuminate\\Routing\\Controller->callAction()
#7 /home/whgnsrl/바탕화면/라라벨/myapp/vendor/laravel/framework/src/Illuminate/Routing/Route.php(219): Illuminate\\Routing\\ControllerDispatcher->dispatch()
#8 /home/whgnsrl/바탕화면/라라벨/myapp/vendor/laravel/framework/src/Illuminate/Routing/Route.php(176): Illuminate\\Routing\\Route->runController()
#9 /home/whgnsrl/바탕화면/라라벨/myapp/vendor/laravel/framework/src/Illuminate/Routing/Router.php(681): Illuminate\\Routing\\Route->run()
#10 /home/whgnsrl/바탕화면/라라벨/myapp/vendor/laravel/framework/src/Illuminate/Pipeline/Pipeline.php(130): Illuminate\\Routing\\Router->Illuminate\\Routing\\{closure}()
#11 /home/whgnsrl/바탕화면/라라벨/myapp/vendor/laravel/framework/src/Illuminate/Routing/Middleware/SubstituteBindings.php(41): Illuminate\\Pipeline\\Pipeline->Illuminate\\Pipeline\\{closure}()
#12 /home/whgnsrl/바탕화면/라라벨/myapp/vendor/laravel/framework/src/Illuminate/Pipeline/Pipeline.php(171): Illuminate\\Routing\\Middleware\\SubstituteBindings->handle()
#13 /home/whgnsrl/바탕화면/라라벨/myapp/vendor/laravel/framework/src/Illuminate/Foundation/Http/Middleware/VerifyCsrfToken.php(76): Illuminate\\Pipeline\\Pipeline->Illuminate\\Pipeline\\{closure}()
#14 /home/whgnsrl/바탕화면/라라벨/myapp/vendor/laravel/framework/src/Illuminate/Pipeline/Pipeline.php(171): Illuminate\\Foundation\\Http\\Middleware\\VerifyCsrfToken->handle()
#15 /home/whgnsrl/바탕화면/라라벨/myapp/vendor/laravel/framework/src/Illuminate/View/Middleware/ShareErrorsFromSession.php(49): Illuminate\\Pipeline\\Pipeline->Illuminate\\Pipeline\\{closure}()
#16 /home/whgnsrl/바탕화면/라라벨/myapp/vendor/laravel/framework/src/Illuminate/Pipeline/Pipeline.php(171): Illuminate\\View\\Middleware\\ShareErrorsFromSession->handle()
#17 /home/whgnsrl/바탕화면/라라벨/myapp/vendor/laravel/framework/src/Illuminate/Session/Middleware/StartSession.php(56): Illuminate\\Pipeline\\Pipeline->Illuminate\\Pipeline\\{closure}()
#18 /home/whgnsrl/바탕화면/라라벨/myapp/vendor/laravel/framework/src/Illuminate/Pipeline/Pipeline.php(171): Illuminate\\Session\\Middleware\\StartSession->handle()
#19 /home/whgnsrl/바탕화면/라라벨/myapp/vendor/laravel/framework/src/Illuminate/Cookie/Middleware/AddQueuedCookiesToResponse.php(37): Illuminate\\Pipeline\\Pipeline->Illuminate\\Pipeline\\{closure}()
#20 /home/whgnsrl/바탕화면/라라벨/myapp/vendor/laravel/framework/src/Illuminate/Pipeline/Pipeline.php(171): Illuminate\\Cookie\\Middleware\\AddQueuedCookiesToResponse->handle()
#21 /home/whgnsrl/바탕화면/라라벨/myapp/vendor/laravel/framework/src/Illuminate/Cookie/Middleware/EncryptCookies.php(66): Illuminate\\Pipeline\\Pipeline->Illuminate\\Pipeline\\{closure}()
#22 /home/whgnsrl/바탕화면/라라벨/myapp/vendor/laravel/framework/src/Illuminate/Pipeline/Pipeline.php(171): Illuminate\\Cookie\\Middleware\\EncryptCookies->handle()
#23 /home/whgnsrl/바탕화면/라라벨/myapp/vendor/laravel/framework/src/Illuminate/Pipeline/Pipeline.php(105): Illuminate\\Pipeline\\Pipeline->Illuminate\\Pipeline\\{closure}()
#24 /home/whgnsrl/바탕화면/라라벨/myapp/vendor/laravel/framework/src/Illuminate/Routing/Router.php(683): Illuminate\\Pipeline\\Pipeline->then()
#25 /home/whgnsrl/바탕화면/라라벨/myapp/vendor/laravel/framework/src/Illuminate/Routing/Router.php(658): Illuminate\\Routing\\Router->runRouteWithinStack()
#26 /home/whgnsrl/바탕화면/라라벨/myapp/vendor/laravel/framework/src/Illuminate/Routing/Router.php(624): Illuminate\\Routing\\Router->runRoute()
#27 /home/whgnsrl/바탕화면/라라벨/myapp/vendor/laravel/framework/src/Illuminate/Routing/Router.php(613): Illuminate\\Routing\\Router->dispatchToRoute()
#28 /home/whgnsrl/바탕화면/라라벨/myapp/vendor/laravel/framework/src/Illuminate/Foundation/Http/Kernel.php(177): Illuminate\\Routing\\Router->dispatch()
#29 /home/whgnsrl/바탕화면/라라벨/myapp/vendor/laravel/framework/src/Illuminate/Pipeline/Pipeline.php(130): Illuminate\\Foundation\\Http\\Kernel->Illuminate\\Foundation\\Http\\{closure}()
#30 /home/whgnsrl/바탕화면/라라벨/myapp/vendor/barryvdh/laravel-debugbar/src/Middleware/InjectDebugbar.php(65): Illuminate\\Pipeline\\Pipeline->Illuminate\\Pipeline\\{closure}()
#31 /home/whgnsrl/바탕화면/라라벨/myapp/vendor/laravel/framework/src/Illuminate/Pipeline/Pipeline.php(171): Barryvdh\\Debugbar\\Middleware\\InjectDebugbar->handle()
#32 /home/whgnsrl/바탕화면/라라벨/myapp/vendor/laravel/framework/src/Illuminate/Foundation/Http/Middleware/TransformsRequest.php(21): Illuminate\\Pipeline\\Pipeline->Illuminate\\Pipeline\\{closure}()
#33 /home/whgnsrl/바탕화면/라라벨/myapp/vendor/laravel/framework/src/Illuminate/Pipeline/Pipeline.php(171): Illuminate\\Foundation\\Http\\Middleware\\TransformsRequest->handle()
#34 /home/whgnsrl/바탕화면/라라벨/myapp/vendor/laravel/framework/src/Illuminate/Foundation/Http/Middleware/TransformsRequest.php(21): Illuminate\\Pipeline\\Pipeline->Illuminate\\Pipeline\\{closure}()
#35 /home/whgnsrl/바탕화면/라라벨/myapp/vendor/laravel/framework/src/Illuminate/Pipeline/Pipeline.php(171): Illuminate\\Foundation\\Http\\Middleware\\TransformsRequest->handle()
#36 /home/whgnsrl/바탕화면/라라벨/myapp/vendor/laravel/framework/src/Illuminate/Foundation/Http/Middleware/ValidatePostSize.php(27): Illuminate\\Pipeline\\Pipeline->Illuminate\\Pipeline\\{closure}()
#37 /home/whgnsrl/바탕화면/라라벨/myapp/vendor/laravel/framework/src/Illuminate/Pipeline/Pipeline.php(171): Illuminate\\Foundation\\Http\\Middleware\\ValidatePostSize->handle()
#38 /home/whgnsrl/바탕화면/라라벨/myapp/vendor/laravel/framework/src/Illuminate/Foundation/Http/Middleware/CheckForMaintenanceMode.php(62): Illuminate\\Pipeline\\Pipeline->Illuminate\\Pipeline\\{closure}()
#39 /home/whgnsrl/바탕화면/라라벨/myapp/vendor/laravel/framework/src/Illuminate/Pipeline/Pipeline.php(171): Illuminate\\Foundation\\Http\\Middleware\\CheckForMaintenanceMode->handle()
#40 /home/whgnsrl/바탕화면/라라벨/myapp/vendor/fideloper/proxy/src/TrustProxies.php(57): Illuminate\\Pipeline\\Pipeline->Illuminate\\Pipeline\\{closure}()
#41 /home/whgnsrl/바탕화면/라라벨/myapp/vendor/laravel/framework/src/Illuminate/Pipeline/Pipeline.php(171): Fideloper\\Proxy\\TrustProxies->handle()
#42 /home/whgnsrl/바탕화면/라라벨/myapp/vendor/laravel/framework/src/Illuminate/Pipeline/Pipeline.php(105): Illuminate\\Pipeline\\Pipeline->Illuminate\\Pipeline\\{closure}()
#43 /home/whgnsrl/바탕화면/라라벨/myapp/vendor/laravel/framework/src/Illuminate/Foundation/Http/Kernel.php(152): Illuminate\\Pipeline\\Pipeline->then()
#44 /home/whgnsrl/바탕화면/라라벨/myapp/vendor/laravel/framework/src/Illuminate/Foundation/Http/Kernel.php(117): Illuminate\\Foundation\\Http\\Kernel->sendRequestThroughRouter()
#45 /home/whgnsrl/바탕화면/라라벨/myapp/public/index.php(55): Illuminate\\Foundation\\Http\\Kernel->handle()
#46 /home/whgnsrl/바탕화면/라라벨/myapp/server.php(21): require_once('/home/whgnsrl/\\xEB...')
#47 {main}
"} 
[2020-01-26 06:08:57] local.ERROR: file_put_contents(C:\Users\조훈기\Desktop\라라벨\myapp\storage\framework/sessions/XZTpWH51K0dFK1XW8MddPVCuNtxs6hIPY0DJIIp2): failed to open stream: No such file or directory {"exception":"[object] (ErrorException(code: 0): file_put_contents(C:\\Users\\조훈기\\Desktop\\라라벨\\myapp\\storage\\framework/sessions/XZTpWH51K0dFK1XW8MddPVCuNtxs6hIPY0DJIIp2): failed to open stream: No such file or directory at /home/whgnsrl/바탕화면/라라벨/myapp/vendor/laravel/framework/src/Illuminate/Filesystem/Filesystem.php:133)
[stacktrace]
#0 [internal function]: Illuminate\\Foundation\\Bootstrap\\HandleExceptions->handleError()
#1 /home/whgnsrl/바탕화면/라라벨/myapp/vendor/laravel/framework/src/Illuminate/Filesystem/Filesystem.php(133): file_put_contents()
#2 /home/whgnsrl/바탕화면/라라벨/myapp/vendor/laravel/framework/src/Illuminate/Session/FileSessionHandler.php(83): Illuminate\\Filesystem\\Filesystem->put()
#3 /home/whgnsrl/바탕화면/라라벨/myapp/vendor/laravel/framework/src/Illuminate/Session/Store.php(129): Illuminate\\Session\\FileSessionHandler->write()
#4 /home/whgnsrl/바탕화면/라라벨/myapp/vendor/laravel/framework/src/Illuminate/Session/Middleware/StartSession.php(170): Illuminate\\Session\\Store->save()
#5 /home/whgnsrl/바탕화면/라라벨/myapp/vendor/laravel/framework/src/Illuminate/Session/Middleware/StartSession.php(65): Illuminate\\Session\\Middleware\\StartSession->saveSession()
#6 /home/whgnsrl/바탕화면/라라벨/myapp/vendor/laravel/framework/src/Illuminate/Pipeline/Pipeline.php(171): Illuminate\\Session\\Middleware\\StartSession->handle()
#7 /home/whgnsrl/바탕화면/라라벨/myapp/vendor/laravel/framework/src/Illuminate/Cookie/Middleware/AddQueuedCookiesToResponse.php(37): Illuminate\\Pipeline\\Pipeline->Illuminate\\Pipeline\\{closure}()
#8 /home/whgnsrl/바탕화면/라라벨/myapp/vendor/laravel/framework/src/Illuminate/Pipeline/Pipeline.php(171): Illuminate\\Cookie\\Middleware\\AddQueuedCookiesToResponse->handle()
#9 /home/whgnsrl/바탕화면/라라벨/myapp/vendor/laravel/framework/src/Illuminate/Cookie/Middleware/EncryptCookies.php(66): Illuminate\\Pipeline\\Pipeline->Illuminate\\Pipeline\\{closure}()
#10 /home/whgnsrl/바탕화면/라라벨/myapp/vendor/laravel/framework/src/Illuminate/Pipeline/Pipeline.php(171): Illuminate\\Cookie\\Middleware\\EncryptCookies->handle()
#11 /home/whgnsrl/바탕화면/라라벨/myapp/vendor/laravel/framework/src/Illuminate/Pipeline/Pipeline.php(105): Illuminate\\Pipeline\\Pipeline->Illuminate\\Pipeline\\{closure}()
#12 /home/whgnsrl/바탕화면/라라벨/myapp/vendor/laravel/framework/src/Illuminate/Routing/Router.php(683): Illuminate\\Pipeline\\Pipeline->then()
#13 /home/whgnsrl/바탕화면/라라벨/myapp/vendor/laravel/framework/src/Illuminate/Routing/Router.php(658): Illuminate\\Routing\\Router->runRouteWithinStack()
#14 /home/whgnsrl/바탕화면/라라벨/myapp/vendor/laravel/framework/src/Illuminate/Routing/Router.php(624): Illuminate\\Routing\\Router->runRoute()
#15 /home/whgnsrl/바탕화면/라라벨/myapp/vendor/laravel/framework/src/Illuminate/Routing/Router.php(613): Illuminate\\Routing\\Router->dispatchToRoute()
#16 /home/whgnsrl/바탕화면/라라벨/myapp/vendor/laravel/framework/src/Illuminate/Foundation/Http/Kernel.php(177): Illuminate\\Routing\\Router->dispatch()
#17 /home/whgnsrl/바탕화면/라라벨/myapp/vendor/laravel/framework/src/Illuminate/Pipeline/Pipeline.php(130): Illuminate\\Foundation\\Http\\Kernel->Illuminate\\Foundation\\Http\\{closure}()
#18 /home/whgnsrl/바탕화면/라라벨/myapp/vendor/barryvdh/laravel-debugbar/src/Middleware/InjectDebugbar.php(65): Illuminate\\Pipeline\\Pipeline->Illuminate\\Pipeline\\{closure}()
#19 /home/whgnsrl/바탕화면/라라벨/myapp/vendor/laravel/framework/src/Illuminate/Pipeline/Pipeline.php(171): Barryvdh\\Debugbar\\Middleware\\InjectDebugbar->handle()
#20 /home/whgnsrl/바탕화면/라라벨/myapp/vendor/laravel/framework/src/Illuminate/Foundation/Http/Middleware/TransformsRequest.php(21): Illuminate\\Pipeline\\Pipeline->Illuminate\\Pipeline\\{closure}()
#21 /home/whgnsrl/바탕화면/라라벨/myapp/vendor/laravel/framework/src/Illuminate/Pipeline/Pipeline.php(171): Illuminate\\Foundation\\Http\\Middleware\\TransformsRequest->handle()
#22 /home/whgnsrl/바탕화면/라라벨/myapp/vendor/laravel/framework/src/Illuminate/Foundation/Http/Middleware/TransformsRequest.php(21): Illuminate\\Pipeline\\Pipeline->Illuminate\\Pipeline\\{closure}()
#23 /home/whgnsrl/바탕화면/라라벨/myapp/vendor/laravel/framework/src/Illuminate/Pipeline/Pipeline.php(171): Illuminate\\Foundation\\Http\\Middleware\\TransformsRequest->handle()
#24 /home/whgnsrl/바탕화면/라라벨/myapp/vendor/laravel/framework/src/Illuminate/Foundation/Http/Middleware/ValidatePostSize.php(27): Illuminate\\Pipeline\\Pipeline->Illuminate\\Pipeline\\{closure}()
#25 /home/whgnsrl/바탕화면/라라벨/myapp/vendor/laravel/framework/src/Illuminate/Pipeline/Pipeline.php(171): Illuminate\\Foundation\\Http\\Middleware\\ValidatePostSize->handle()
#26 /home/whgnsrl/바탕화면/라라벨/myapp/vendor/laravel/framework/src/Illuminate/Foundation/Http/Middleware/CheckForMaintenanceMode.php(62): Illuminate\\Pipeline\\Pipeline->Illuminate\\Pipeline\\{closure}()
#27 /home/whgnsrl/바탕화면/라라벨/myapp/vendor/laravel/framework/src/Illuminate/Pipeline/Pipeline.php(171): Illuminate\\Foundation\\Http\\Middleware\\CheckForMaintenanceMode->handle()
#28 /home/whgnsrl/바탕화면/라라벨/myapp/vendor/fideloper/proxy/src/TrustProxies.php(57): Illuminate\\Pipeline\\Pipeline->Illuminate\\Pipeline\\{closure}()
#29 /home/whgnsrl/바탕화면/라라벨/myapp/vendor/laravel/framework/src/Illuminate/Pipeline/Pipeline.php(171): Fideloper\\Proxy\\TrustProxies->handle()
#30 /home/whgnsrl/바탕화면/라라벨/myapp/vendor/laravel/framework/src/Illuminate/Pipeline/Pipeline.php(105): Illuminate\\Pipeline\\Pipeline->Illuminate\\Pipeline\\{closure}()
#31 /home/whgnsrl/바탕화면/라라벨/myapp/vendor/laravel/framework/src/Illuminate/Foundation/Http/Kernel.php(152): Illuminate\\Pipeline\\Pipeline->then()
#32 /home/whgnsrl/바탕화면/라라벨/myapp/vendor/laravel/framework/src/Illuminate/Foundation/Http/Kernel.php(117): Illuminate\\Foundation\\Http\\Kernel->sendRequestThroughRouter()
#33 /home/whgnsrl/바탕화면/라라벨/myapp/public/index.php(55): Illuminate\\Foundation\\Http\\Kernel->handle()
#34 /home/whgnsrl/바탕화면/라라벨/myapp/server.php(21): require_once('/home/whgnsrl/\\xEB...')
#35 {main}
"} 
